<?xml version="1.0" encoding="UTF-8"?>
<testsuite name="tap.parameters.TestTAPExecutionDurationController" tests="4" skipped="0" failures="0" errors="0" timestamp="2017-07-17T15:31:12" hostname="cds-stage-ms3" time="0.005">
  <properties/>
  <testcase name="testCheck" classname="tap.parameters.TestTAPExecutionDurationController" time="0.005"/>
  <testcase name="testAllowModification" classname="tap.parameters.TestTAPExecutionDurationController" time="0.0"/>
  <testcase name="testGetMaxExecutionDuration" classname="tap.parameters.TestTAPExecutionDurationController" time="0.0"/>
  <testcase name="testGetDefault" classname="tap.parameters.TestTAPExecutionDurationController" time="0.0"/>
  <system-out><![CDATA[]]></system-out>
  <system-err><![CDATA[]]></system-err>
</testsuite>
