<?xml version="1.0" encoding="UTF-8"?>
<testsuite name="uws.job.parameters.TestDestructionTimeController" tests="4" skipped="0" failures="0" errors="0" timestamp="2017-07-17T15:35:40" hostname="cds-stage-ms3" time="0.013">
  <properties/>
  <testcase name="testGetMaxDestructionTime" classname="uws.job.parameters.TestDestructionTimeController" time="0.008"/>
  <testcase name="testCheck" classname="uws.job.parameters.TestDestructionTimeController" time="0.004"/>
  <testcase name="testAllowModification" classname="uws.job.parameters.TestDestructionTimeController" time="0.0"/>
  <testcase name="testGetDefault" classname="uws.job.parameters.TestDestructionTimeController" time="0.0"/>
  <system-out><![CDATA[]]></system-out>
  <system-err><![CDATA[]]></system-err>
</testsuite>
