<?xml version="1.0" encoding="UTF-8"?>
<testsuite name="tap.metadata.TestTAPMetadata" tests="1" skipped="0" failures="0" errors="0" timestamp="2017-07-17T15:31:13" hostname="cds-stage-ms3" time="0.003">
  <properties/>
  <testcase name="testGetObsCoreTable" classname="tap.metadata.TestTAPMetadata" time="0.003"/>
  <system-out><![CDATA[]]></system-out>
  <system-err><![CDATA[]]></system-err>
</testsuite>
