<?xml version="1.0" encoding="UTF-8"?>
<testsuite name="tap.formatter.TestSVFormat" tests="2" skipped="0" failures="0" errors="0" timestamp="2017-07-17T15:31:17" hostname="cds-stage-ms3" time="0.055">
  <properties/>
  <testcase name="testWriteResultWithOverflow" classname="tap.formatter.TestSVFormat" time="0.052"/>
  <testcase name="testWriteResult" classname="tap.formatter.TestSVFormat" time="0.003"/>
  <system-out><![CDATA[]]></system-out>
  <system-err><![CDATA[]]></system-err>
</testsuite>
