<?xml version="1.0" encoding="UTF-8"?>
<testsuite name="adql.query.TestADQLObjectPosition" tests="2" skipped="0" failures="0" errors="0" timestamp="2017-07-17T15:31:07" hostname="cds-stage-ms3" time="0.013">
  <properties/>
  <testcase name="testPositionInAllClauses" classname="adql.query.TestADQLObjectPosition" time="0.01"/>
  <testcase name="testPositionAccuracy" classname="adql.query.TestADQLObjectPosition" time="0.003"/>
  <system-out><![CDATA[]]></system-out>
  <system-err><![CDATA[]]></system-err>
</testsuite>
