<?xml version="1.0" encoding="UTF-8"?>
<testsuite name="adql.query.TestADQLQuery" tests="4" skipped="0" failures="0" errors="0" timestamp="2017-07-17T15:31:06" hostname="cds-stage-ms3" time="0.016">
  <properties/>
  <testcase name="testTypeResultingColumns" classname="adql.query.TestADQLQuery" time="0.012"/>
  <testcase name="testReplace" classname="adql.query.TestADQLQuery" time="0.002"/>
  <testcase name="testADQLQuery" classname="adql.query.TestADQLQuery" time="0.0"/>
  <testcase name="testSearch" classname="adql.query.TestADQLQuery" time="0.0"/>
  <system-out><![CDATA[]]></system-out>
  <system-err><![CDATA[]]></system-err>
</testsuite>
