<?xml version="1.0" encoding="UTF-8"?>
<testsuite name="uws.service.file.TestLogRotation" tests="2" skipped="0" failures="0" errors="0" timestamp="2017-07-17T15:35:35" hostname="cds-stage-ms3" time="3.023">
  <properties/>
  <testcase name="testGetLogOutput" classname="uws.service.file.TestLogRotation" time="3.018"/>
  <testcase name="testEventFrequencyCreation" classname="uws.service.file.TestLogRotation" time="0.005"/>
  <system-out><![CDATA[]]></system-out>
  <system-err><![CDATA[]]></system-err>
</testsuite>
