<?xml version="1.0" encoding="UTF-8"?>
<testsuite name="uws.job.parameters.TestExecutionDurationController" tests="4" skipped="0" failures="0" errors="0" timestamp="2017-07-17T15:35:39" hostname="cds-stage-ms3" time="0.003">
  <properties/>
  <testcase name="testCheck" classname="uws.job.parameters.TestExecutionDurationController" time="0.002"/>
  <testcase name="testAllowModification" classname="uws.job.parameters.TestExecutionDurationController" time="0.0"/>
  <testcase name="testGetMaxExecutionDuration" classname="uws.job.parameters.TestExecutionDurationController" time="0.0"/>
  <testcase name="testGetDefault" classname="uws.job.parameters.TestExecutionDurationController" time="0.001"/>
  <system-out><![CDATA[]]></system-out>
  <system-err><![CDATA[]]></system-err>
</testsuite>
