<?xml version="1.0" encoding="UTF-8"?>
<testsuite name="uws.config.TestUWSConfiguration" tests="5" skipped="0" failures="0" errors="0" timestamp="2017-07-17T15:35:40" hostname="cds-stage-ms3" time="0.008">
  <properties/>
  <testcase name="testGetClassStringStringClass" classname="uws.config.TestUWSConfiguration" time="0.002"/>
  <testcase name="testIsClassPath" classname="uws.config.TestUWSConfiguration" time="0.0"/>
  <testcase name="testParseLimitStringString" classname="uws.config.TestUWSConfiguration" time="0.001"/>
  <testcase name="testNewInstance" classname="uws.config.TestUWSConfiguration" time="0.003"/>
  <testcase name="testHasConstructor" classname="uws.config.TestUWSConfiguration" time="0.002"/>
  <system-out><![CDATA[]]></system-out>
  <system-err><![CDATA[]]></system-err>
</testsuite>
