<?xml version="1.0" encoding="UTF-8"?>
<testsuite name="tap.parameters.TestTAPDestructionTimeController" tests="4" skipped="0" failures="0" errors="0" timestamp="2017-07-17T15:31:12" hostname="cds-stage-ms3" time="0.017">
  <properties/>
  <testcase name="testGetMaxDestructionTime" classname="tap.parameters.TestTAPDestructionTimeController" time="0.012"/>
  <testcase name="testCheck" classname="tap.parameters.TestTAPDestructionTimeController" time="0.004"/>
  <testcase name="testAllowModification" classname="tap.parameters.TestTAPDestructionTimeController" time="0.001"/>
  <testcase name="testGetDefault" classname="tap.parameters.TestTAPDestructionTimeController" time="0.0"/>
  <system-out><![CDATA[]]></system-out>
  <system-err><![CDATA[]]></system-err>
</testsuite>
