<?xml version="1.0" encoding="UTF-8"?>
<testsuite name="uws.job.parameters.TestDurationParamController" tests="3" skipped="0" failures="0" errors="0" timestamp="2017-07-17T15:35:39" hostname="cds-stage-ms3" time="0.01">
  <properties/>
  <testcase name="testCheck" classname="uws.job.parameters.TestDurationParamController" time="0.005"/>
  <testcase name="testParseDuration" classname="uws.job.parameters.TestDurationParamController" time="0.003"/>
  <testcase name="testToStringLong" classname="uws.job.parameters.TestDurationParamController" time="0.001"/>
  <system-out><![CDATA[]]></system-out>
  <system-err><![CDATA[]]></system-err>
</testsuite>
