<?xml version="1.0" encoding="UTF-8"?>
<testsuite name="tap.formatter.TestVOTableFormat" tests="2" skipped="0" failures="0" errors="0" timestamp="2017-07-17T15:31:16" hostname="cds-stage-ms3" time="0.071">
  <properties/>
  <testcase name="testWriteResultWithOverflow" classname="tap.formatter.TestVOTableFormat" time="0.066"/>
  <testcase name="testWriteResult" classname="tap.formatter.TestVOTableFormat" time="0.004"/>
  <system-out><![CDATA[]]></system-out>
  <system-err><![CDATA[]]></system-err>
</testsuite>
