<?xml version="1.0" encoding="UTF-8"?>
<testsuite name="tap.data.TestResultSetTableIterator" tests="7" skipped="0" failures="0" errors="0" timestamp="2017-07-17T15:31:23" hostname="cds-stage-ms3" time="0.064">
  <properties/>
  <testcase name="testWithClosedSet" classname="tap.data.TestResultSetTableIterator" time="0.014"/>
  <testcase name="testSQLFunctions" classname="tap.data.TestResultSetTableIterator" time="0.039"/>
  <testcase name="testDateFormat" classname="tap.data.TestResultSetTableIterator" time="0.002"/>
  <testcase name="testWithData" classname="tap.data.TestResultSetTableIterator" time="0.001"/>
  <testcase name="testGeometryColumns" classname="tap.data.TestResultSetTableIterator" time="0.006"/>
  <testcase name="testWithEmptySet" classname="tap.data.TestResultSetTableIterator" time="0.001"/>
  <testcase name="testWithRSNULL" classname="tap.data.TestResultSetTableIterator" time="0.0"/>
  <system-out><![CDATA[]]></system-out>
  <system-err><![CDATA[]]></system-err>
</testsuite>
