<?xml version="1.0" encoding="UTF-8"?>
<testsuite name="uws.job.parameters.TestNumericParamController" tests="5" skipped="0" failures="0" errors="0" timestamp="2017-07-17T15:35:39" hostname="cds-stage-ms3" time="0.002">
  <properties/>
  <testcase name="testCheck" classname="uws.job.parameters.TestNumericParamController" time="0.001"/>
  <testcase name="testReset" classname="uws.job.parameters.TestNumericParamController" time="0.0"/>
  <testcase name="testSetMaximum" classname="uws.job.parameters.TestNumericParamController" time="0.0"/>
  <testcase name="testSetMinimum" classname="uws.job.parameters.TestNumericParamController" time="0.0"/>
  <testcase name="testSetDefault" classname="uws.job.parameters.TestNumericParamController" time="0.001"/>
  <system-out><![CDATA[]]></system-out>
  <system-err><![CDATA[]]></system-err>
</testsuite>
