<?xml version="1.0" encoding="UTF-8"?>
<testsuite name="uws.service.TestUWSUrl" tests="2" skipped="0" failures="0" errors="0" timestamp="2017-07-17T15:35:34" hostname="cds-stage-ms3" time="0.005">
  <properties/>
  <testcase name="testExtractBaseURI" classname="uws.service.TestUWSUrl" time="0.002"/>
  <testcase name="testLoadHttpServletRequest" classname="uws.service.TestUWSUrl" time="0.003"/>
  <system-out><![CDATA[]]></system-out>
  <system-err><![CDATA[]]></system-err>
</testsuite>
