<?xml version="1.0" encoding="UTF-8"?>
<testsuite name="tap.config.TestTAPConfiguration" tests="5" skipped="0" failures="0" errors="0" timestamp="2017-07-17T15:31:24" hostname="cds-stage-ms3" time="0.012">
  <properties/>
  <testcase name="testGetClassStringStringClass" classname="tap.config.TestTAPConfiguration" time="0.002"/>
  <testcase name="testIsClassPath" classname="tap.config.TestTAPConfiguration" time="0.0"/>
  <testcase name="testParseLimitStringString" classname="tap.config.TestTAPConfiguration" time="0.001"/>
  <testcase name="testNewInstance" classname="tap.config.TestTAPConfiguration" time="0.004"/>
  <testcase name="testHasConstructor" classname="tap.config.TestTAPConfiguration" time="0.004"/>
  <system-out><![CDATA[]]></system-out>
  <system-err><![CDATA[]]></system-err>
</testsuite>
