<?xml version="1.0" encoding="UTF-8"?>
<testsuite name="uws.config.TestConfigurableUWSFactory" tests="2" skipped="0" failures="0" errors="0" timestamp="2017-07-17T15:35:40" hostname="cds-stage-ms3" time="0.006">
  <properties/>
  <testcase name="testInitParameters" classname="uws.config.TestConfigurableUWSFactory" time="0.006"/>
  <testcase name="testPatternParameter" classname="uws.config.TestConfigurableUWSFactory" time="0.0"/>
  <system-out><![CDATA[]]></system-out>
  <system-err><![CDATA[]]></system-err>
</testsuite>
