<?xml version="1.0" encoding="UTF-8"?>
<testsuite name="adql.query.constraint.TestIN" tests="1" skipped="0" failures="0" errors="0" timestamp="2017-07-17T15:31:06" hostname="cds-stage-ms3" time="0.006">
  <properties/>
  <testcase name="testIN" classname="adql.query.constraint.TestIN" time="0.006"/>
  <system-out><![CDATA[]]></system-out>
  <system-err><![CDATA[]]></system-err>
</testsuite>
