<?xml version="1.0" encoding="UTF-8"?>
<testsuite name="uws.TestISO8601Format" tests="2" skipped="0" failures="0" errors="0" timestamp="2017-07-17T15:35:38" hostname="cds-stage-ms3" time="0.015">
  <properties/>
  <testcase name="testParse" classname="uws.TestISO8601Format" time="0.012"/>
  <testcase name="testFormatDate" classname="uws.TestISO8601Format" time="0.002"/>
  <system-out><![CDATA[]]></system-out>
  <system-err><![CDATA[]]></system-err>
</testsuite>
