<?xml version="1.0" encoding="UTF-8"?>
<testsuite name="tap.config.TestConfigurableTAPFactory" tests="1" skipped="0" failures="0" errors="0" timestamp="2017-07-17T15:31:26" hostname="cds-stage-ms3" time="1.247">
  <properties/>
  <testcase name="testDefaultServiceConnection" classname="tap.config.TestConfigurableTAPFactory" time="1.247"/>
  <system-out><![CDATA[]]></system-out>
  <system-err><![CDATA[]]></system-err>
</testsuite>
